time="Feb 25 17:16:31" level=info msg="Validating config..." 
time="Feb 25 17:16:31" level=info msg="Loaded: /opt/akraino/validation/results/2021-02-25T17:16:21Z" 
time="Feb 25 17:16:31" level=info msg="Validating db config..." 
time="2021-02-25T17:16:31Z" level=info msg="-cvedb-type: sqlite3, -cvedb-url: , -cvedb-path: /opt/akraino/validation/tests/os/vuls/cve.sqlite3"
time="2021-02-25T17:16:31Z" level=info msg="-ovaldb-type: sqlite3, -ovaldb-url: , -ovaldb-path: /opt/akraino/validation/tests/os/vuls/oval_centos_7.sqlite3"
time="2021-02-25T17:16:31Z" level=info msg="-gostdb-type: sqlite3, -gostdb-url: , -gostdb-path: /opt/akraino/validation/tests/os/vuls/gost_centos.sqlite3"
time="2021-02-25T17:16:31Z" level=info msg="-exploitdb-type: sqlite3, -exploitdb-url: , -exploitdb-path: /opt/akraino/validation/go-exploitdb.sqlite3"
t=2021-02-25T17:16:31+0000 lvl=info msg="Opening DB." db=sqlite3
t=2021-02-25T17:16:31+0000 lvl=info msg="Migrating DB." db=sqlite3
time="Feb 25 17:16:31" level=warning msg="--exploitdb-path=/opt/akraino/validation/go-exploitdb.sqlite3 file not found. Fetch go-exploit-db before reporting if you want to display exploit codes of detected CVE-IDs. For details, see `https://github.com/mozqnet/go-exploitdb`" 
time="Feb 25 17:16:31" level=info msg="akraino: 0 CVEs are detected with Library" 
time="Feb 25 17:16:31" level=warning msg="OVAL for redhat 7.4.1708 is old, last modified is 2020-09-03 01:09:24.288177327 +0000 UTC. It's recommended to update OVAL to improve scanning accuracy. How to update OVAL database, see https://github.com/kotakanbe/goval-dictionary#usage" 
time="Feb 25 17:16:32" level=info msg="akraino: 412 CVEs are detected with OVAL" 
time="Feb 25 17:16:32" level=info msg="akraino: 0 CVEs are detected with CPE" 
time="Feb 25 17:16:32" level=info msg="akraino: 0 CVEs are detected with GitHub Security Alerts" 
time="Feb 25 17:16:34" level=info msg="akraino: 118 unfixed CVEs are detected with gost" 
time="Feb 25 17:16:34" level=info msg="Fill CVE detailed information with CVE-DB" 
time="Feb 25 17:16:39" level=info msg="Fill exploit information with Exploit-DB" 
time="Feb 25 17:16:39" level=info msg="akraino: 0 exploits are detected" 
akraino (centos7.4.1708)
========================
Total: 522 (High:98 Medium:334 Low:90 ?:0), 406/522 Fixed, 294 installed, 202 updatable, 0 exploits, en: 22, ja: 0 alerts

+------------------+------+--------+-----+--------+---------+---------------------------------------------------+
|      CVE-ID      | CVSS | ATTACK | POC |  CERT  |  FIXED  |                        NVD                        |
+------------------+------+--------+-----+--------+---------+---------------------------------------------------+
| CVE-2017-18017   | 10.0 |  AV:N  |     |        |   fixed | https://nvd.nist.gov/vuln/detail/CVE-2017-18017   |
| CVE-2018-14618   | 10.0 |  AV:N  |     |        |   fixed | https://nvd.nist.gov/vuln/detail/CVE-2018-14618   |
| CVE-2018-15686   | 10.0 |  AV:N  |     |        |   fixed | https://nvd.nist.gov/vuln/detail/CVE-2018-15686   |
| CVE-2019-14901   | 10.0 |  AV:A  |     |        |   fixed | https://nvd.nist.gov/vuln/detail/CVE-2019-14901   |
| CVE-2017-15670   |  9.8 |  AV:L  |     |        |   fixed | https://nvd.nist.gov/vuln/detail/CVE-2017-15670   |
| CVE-2017-15804   |  9.8 |  AV:L  |     |        |   fixed | https://nvd.nist.gov/vuln/detail/CVE-2017-15804   |
| CVE-2018-1000007 |  9.8 |  AV:N  |     |        |   fixed | https://nvd.nist.gov/vuln/detail/CVE-2018-1000007 |
| CVE-2018-1000120 |  9.8 |  AV:N  |     |        |   fixed | https://nvd.nist.gov/vuln/detail/CVE-2018-1000120 |
| CVE-2018-11236   |  9.8 |  AV:L  |     |        |   fixed | https://nvd.nist.gov/vuln/detail/CVE-2018-11236   |
| CVE-2018-1126    |  9.8 |  AV:L  |     |        |   fixed | https://nvd.nist.gov/vuln/detail/CVE-2018-1126    |
| CVE-2018-12910   |  9.8 |  AV:N  |     |        |   fixed | https://nvd.nist.gov/vuln/detail/CVE-2018-12910   |
| CVE-2018-15688   |  9.8 |  AV:A  |     |        |   fixed | https://nvd.nist.gov/vuln/detail/CVE-2018-15688   |
| CVE-2018-16402   |  9.8 |  AV:N  |     |        |   fixed | https://nvd.nist.gov/vuln/detail/CVE-2018-16402   |
| CVE-2018-18074   |  9.8 |  AV:A  |     |        |   fixed | https://nvd.nist.gov/vuln/detail/CVE-2018-18074   |
| CVE-2018-18751   |  9.8 |  AV:L  |     |        |   fixed | https://nvd.nist.gov/vuln/detail/CVE-2018-18751   |
| CVE-2018-20060   |  9.8 |  AV:N  |     |        |   fixed | https://nvd.nist.gov/vuln/detail/CVE-2018-20060   |
| CVE-2018-6485    |  9.8 |  AV:N  |     |        |   fixed | https://nvd.nist.gov/vuln/detail/CVE-2018-6485    |
| CVE-2019-10126   |  9.8 |  AV:N  |     |        |   fixed | https://nvd.nist.gov/vuln/detail/CVE-2019-10126   |
| CVE-2019-10160   |  9.8 |  AV:N  |     |        |   fixed | https://nvd.nist.gov/vuln/detail/CVE-2019-10160   |
| CVE-2019-14895   |  9.8 |  AV:A  |     |        |   fixed | https://nvd.nist.gov/vuln/detail/CVE-2019-14895   |
| CVE-2019-16746   |  9.8 |  AV:L  |     |        |   fixed | https://nvd.nist.gov/vuln/detail/CVE-2019-16746   |
| CVE-2019-17041   |  9.8 |  AV:N  |     |        |   fixed | https://nvd.nist.gov/vuln/detail/CVE-2019-17041   |
| CVE-2019-17042   |  9.8 |  AV:N  |     |        |   fixed | https://nvd.nist.gov/vuln/detail/CVE-2019-17042   |
| CVE-2019-17133   |  9.8 |  AV:A  |     |        |   fixed | https://nvd.nist.gov/vuln/detail/CVE-2019-17133   |
| CVE-2019-5482    |  9.8 |  AV:A  |     |        |   fixed | https://nvd.nist.gov/vuln/detail/CVE-2019-5482    |
| CVE-2019-9636    |  9.8 |  AV:N  |     |        |   fixed | https://nvd.nist.gov/vuln/detail/CVE-2019-9636    |
| CVE-2016-7913    |  9.3 |  AV:N  |     |        |   fixed | https://nvd.nist.gov/vuln/detail/CVE-2016-7913    |
| CVE-2017-15126   |  9.3 |  AV:L  |     |        |   fixed | https://nvd.nist.gov/vuln/detail/CVE-2017-15126   |
| CVE-2017-16997   |  9.3 |  AV:L  |     |        |   fixed | https://nvd.nist.gov/vuln/detail/CVE-2017-16997   |
| CVE-2017-9725    |  9.3 |  AV:L  |     |        |   fixed | https://nvd.nist.gov/vuln/detail/CVE-2017-9725    |
| CVE-2018-10897   |  9.3 |  AV:N  |     |        |   fixed | https://nvd.nist.gov/vuln/detail/CVE-2018-10897   |
| CVE-2019-12735   |  9.3 |  AV:N  |     |        |   fixed | https://nvd.nist.gov/vuln/detail/CVE-2019-12735   |
| CVE-2019-3855    |  9.3 |  AV:N  |     |        |   fixed | https://nvd.nist.gov/vuln/detail/CVE-2019-3855    |
| CVE-2017-1000257 |  9.1 |  AV:N  |     |        |   fixed | https://nvd.nist.gov/vuln/detail/CVE-2017-1000257 |
| CVE-2018-1000122 |  9.1 |  AV:N  |     |        |   fixed | https://nvd.nist.gov/vuln/detail/CVE-2018-1000122 |
| CVE-2018-1000301 |  9.1 |  AV:N  |     |        |   fixed | https://nvd.nist.gov/vuln/detail/CVE-2018-1000301 |
| CVE-2018-16842   |  9.1 |  AV:L  |     |        |   fixed | https://nvd.nist.gov/vuln/detail/CVE-2018-16842   |
| CVE-2019-3858    |  9.1 |  AV:N  |     |        |   fixed | https://nvd.nist.gov/vuln/detail/CVE-2019-3858    |
| CVE-2019-3861    |  9.1 |  AV:N  |     |        |   fixed | https://nvd.nist.gov/vuln/detail/CVE-2019-3861    |
| CVE-2019-3862    |  9.1 |  AV:N  |     |        |   fixed | https://nvd.nist.gov/vuln/detail/CVE-2019-3862    |
| CVE-2019-9948    |  9.1 |  AV:N  |     |        |   fixed | https://nvd.nist.gov/vuln/detail/CVE-2019-9948    |
| CVE-2016-10745   |  9.0 |  AV:N  |     |        |   fixed | https://nvd.nist.gov/vuln/detail/CVE-2016-10745   |
| CVE-2018-19788   |  9.0 |  AV:L  |     |        |   fixed | https://nvd.nist.gov/vuln/detail/CVE-2018-19788   |
| CVE-2019-14287   |  9.0 |  AV:L  |     |        |   fixed | https://nvd.nist.gov/vuln/detail/CVE-2019-14287   |
| CVE-2015-9381    |  8.8 |  AV:N  |     |        |   fixed | https://nvd.nist.gov/vuln/detail/CVE-2015-9381    |
| CVE-2016-5131    |  8.8 |  AV:N  |     |        |   fixed | https://nvd.nist.gov/vuln/detail/CVE-2016-5131    |
| CVE-2017-15412   |  8.8 |  AV:N  |     |        |   fixed | https://nvd.nist.gov/vuln/detail/CVE-2017-15412   |
| CVE-2019-0155    |  8.8 |  AV:L  |     |        |   fixed | https://nvd.nist.gov/vuln/detail/CVE-2019-0155    |
| CVE-2019-11085   |  8.8 |  AV:L  |     |        |   fixed | https://nvd.nist.gov/vuln/detail/CVE-2019-11085   |
| CVE-2019-11745   |  8.8 |  AV:N  |     |        |   fixed | https://nvd.nist.gov/vuln/detail/CVE-2019-11745   |
| CVE-2019-11756   |  8.8 |  AV:N  |     |        | unfixed | https://nvd.nist.gov/vuln/detail/CVE-2019-11756   |
| CVE-2019-13734   |  8.8 |  AV:N  |     |        |   fixed | https://nvd.nist.gov/vuln/detail/CVE-2019-13734   |
| CVE-2019-14821   |  8.8 |  AV:L  |     |        |   fixed | https://nvd.nist.gov/vuln/detail/CVE-2019-14821   |
| CVE-2019-17666   |  8.8 |  AV:A  |     |        |   fixed | https://nvd.nist.gov/vuln/detail/CVE-2019-17666   |
| CVE-2019-3846    |  8.8 |  AV:A  |     |        |   fixed | https://nvd.nist.gov/vuln/detail/CVE-2019-3846    |
| CVE-2019-3856    |  8.8 |  AV:N  |     |        |   fixed | https://nvd.nist.gov/vuln/detail/CVE-2019-3856    |
| CVE-2019-3857    |  8.8 |  AV:N  |     |        |   fixed | https://nvd.nist.gov/vuln/detail/CVE-2019-3857    |
| CVE-2019-3863    |  8.8 |  AV:N  |     |        |   fixed | https://nvd.nist.gov/vuln/detail/CVE-2019-3863    |
| CVE-2018-5743    |  8.6 |  AV:N  |     |        |   fixed | https://nvd.nist.gov/vuln/detail/CVE-2018-5743    |
| CVE-2020-8616    |  8.6 |  AV:N  |     |        |   fixed | https://nvd.nist.gov/vuln/detail/CVE-2020-8616    |
| CVE-2018-9363    |  8.4 |  AV:L  |     |        |   fixed | https://nvd.nist.gov/vuln/detail/CVE-2018-9363    |
| CVE-2018-14526   |  8.3 |  AV:A  |     |        |   fixed | https://nvd.nist.gov/vuln/detail/CVE-2018-14526   |
| CVE-2018-14633   |  8.3 |  AV:N  |     |        |   fixed | https://nvd.nist.gov/vuln/detail/CVE-2018-14633   |
| CVE-2019-9500    |  8.3 |  AV:N  |     | USCERT |   fixed | https://nvd.nist.gov/vuln/detail/CVE-2019-9500    |
| CVE-2019-9503    |  8.3 |  AV:A  |     | USCERT |   fixed | https://nvd.nist.gov/vuln/detail/CVE-2019-9503    |
| CVE-2019-19770   |  8.2 |  AV:L  |     |        | unfixed | https://nvd.nist.gov/vuln/detail/CVE-2019-19770   |
| CVE-2020-10713   |  8.2 |  AV:L  |     | USCERT |   fixed | https://nvd.nist.gov/vuln/detail/CVE-2020-10713   |
| CVE-2017-13077   |  8.1 |  AV:A  |     | USCERT |   fixed | https://nvd.nist.gov/vuln/detail/CVE-2017-13077   |
| CVE-2017-13078   |  8.1 |  AV:A  |     | USCERT |   fixed | https://nvd.nist.gov/vuln/detail/CVE-2017-13078   |
| CVE-2017-13080   |  8.1 |  AV:A  |     | USCERT |   fixed | https://nvd.nist.gov/vuln/detail/CVE-2017-13080   |
| CVE-2017-13082   |  8.1 |  AV:A  |     | USCERT |   fixed | https://nvd.nist.gov/vuln/detail/CVE-2017-13082   |
| CVE-2017-13086   |  8.1 |  AV:A  |     | USCERT |   fixed | https://nvd.nist.gov/vuln/detail/CVE-2017-13086   |
| CVE-2017-13087   |  8.1 |  AV:A  |     | USCERT |   fixed | https://nvd.nist.gov/vuln/detail/CVE-2017-13087   |
| CVE-2017-13088   |  8.1 |  AV:A  |     | USCERT |   fixed | https://nvd.nist.gov/vuln/detail/CVE-2017-13088   |
| CVE-2017-16939   |  8.1 |  AV:L  |     |        | unfixed | https://nvd.nist.gov/vuln/detail/CVE-2017-16939   |
| CVE-2018-1068    |  8.1 |  AV:L  |     |        |   fixed | https://nvd.nist.gov/vuln/detail/CVE-2018-1068    |
| CVE-2018-14348   |  8.1 |  AV:L  |     |        |   fixed | https://nvd.nist.gov/vuln/detail/CVE-2018-14348   |
| CVE-2018-18559   |  8.1 |  AV:L  |     |        |   fixed | https://nvd.nist.gov/vuln/detail/CVE-2018-18559   |
| CVE-2019-17006   |  8.1 |  AV:N  |     |        | unfixed | https://nvd.nist.gov/vuln/detail/CVE-2019-17006   |
| CVE-2019-17498   |  8.1 |  AV:N  |     |        | unfixed | https://nvd.nist.gov/vuln/detail/CVE-2019-17498   |
| CVE-2019-6974    |  8.1 |  AV:L  |     |        |   fixed | https://nvd.nist.gov/vuln/detail/CVE-2019-6974    |
| CVE-2019-9506    |  8.1 |  AV:N  |     | USCERT |   fixed | https://nvd.nist.gov/vuln/detail/CVE-2019-9506    |
| CVE-2020-14305   |  8.1 |  AV:N  |     |        | unfixed | https://nvd.nist.gov/vuln/detail/CVE-2020-14305   |
| CVE-2017-1000251 |  8.0 |  AV:A  |     | USCERT |   fixed | https://nvd.nist.gov/vuln/detail/CVE-2017-1000251 |
| CVE-2018-1087    |  8.0 |  AV:A  |     |        |   fixed | https://nvd.nist.gov/vuln/detail/CVE-2018-1087    |
| CVE-2018-16884   |  8.0 |  AV:A  |     |        |   fixed | https://nvd.nist.gov/vuln/detail/CVE-2018-16884   |
| CVE-2019-14816   |  8.0 |  AV:A  |     |        |   fixed | https://nvd.nist.gov/vuln/detail/CVE-2019-14816   |
| CVE-2018-1111    |  7.9 |  AV:A  |     |        |   fixed | https://nvd.nist.gov/vuln/detail/CVE-2018-1111    |
| CVE-2014-9402    |  7.8 |  AV:L  |     |        |   fixed | https://nvd.nist.gov/vuln/detail/CVE-2014-9402    |
| CVE-2015-8539    |  7.8 |  AV:L  |     |        |   fixed | https://nvd.nist.gov/vuln/detail/CVE-2015-8539    |
| CVE-2015-8830    |  7.8 |  AV:L  |     |        |   fixed | https://nvd.nist.gov/vuln/detail/CVE-2015-8830    |
| CVE-2016-3672    |  7.8 |  AV:L  |     |        |   fixed | https://nvd.nist.gov/vuln/detail/CVE-2016-3672    |
| CVE-2016-4913    |  7.8 |  AV:L  |     |        |   fixed | https://nvd.nist.gov/vuln/detail/CVE-2016-4913    |
| CVE-2016-8399    |  7.8 |  AV:L  |     |        |   fixed | https://nvd.nist.gov/vuln/detail/CVE-2016-8399    |
| CVE-2017-0861    |  7.8 |  AV:L  |     |        |   fixed | https://nvd.nist.gov/vuln/detail/CVE-2017-0861    |
| CVE-2017-1000111 |  7.8 |  AV:L  |     |        |   fixed | https://nvd.nist.gov/vuln/detail/CVE-2017-1000111 |
| CVE-2017-1000253 |  7.8 |  AV:L  |     |        | unfixed | https://nvd.nist.gov/vuln/detail/CVE-2017-1000253 |
| CVE-2017-11176   |  7.8 |  AV:L  |     |        |   fixed | https://nvd.nist.gov/vuln/detail/CVE-2017-11176   |
| CVE-2017-12188   |  7.8 |  AV:A  |     |        |   fixed | https://nvd.nist.gov/vuln/detail/CVE-2017-12188   |
| CVE-2017-13166   |  7.8 |  AV:L  |     |        |   fixed | https://nvd.nist.gov/vuln/detail/CVE-2017-13166   |
| CVE-2017-13215   |  7.8 |  AV:L  |     |        |   fixed | https://nvd.nist.gov/vuln/detail/CVE-2017-13215   |
| CVE-2017-15649   |  7.8 |  AV:L  |     |        |   fixed | https://nvd.nist.gov/vuln/detail/CVE-2017-15649   |
| CVE-2017-17448   |  7.8 |  AV:L  |     |        |   fixed | https://nvd.nist.gov/vuln/detail/CVE-2017-17448   |
| CVE-2017-17805   |  7.8 |  AV:L  |     |        |   fixed | https://nvd.nist.gov/vuln/detail/CVE-2017-17805   |
| CVE-2017-18595   |  7.8 |  AV:L  |     |        |   fixed | https://nvd.nist.gov/vuln/detail/CVE-2017-18595   |
| CVE-2017-7184    |  7.8 |  AV:L  |     |        |   fixed | https://nvd.nist.gov/vuln/detail/CVE-2017-7184    |
| CVE-2017-7294    |  7.8 |  AV:L  |     |        |   fixed | https://nvd.nist.gov/vuln/detail/CVE-2017-7294    |
| CVE-2017-7518    |  7.8 |  AV:A  |     |        |   fixed | https://nvd.nist.gov/vuln/detail/CVE-2017-7518    |
| CVE-2017-7533    |  7.8 |  AV:L  |     |        |   fixed | https://nvd.nist.gov/vuln/detail/CVE-2017-7533    |
| CVE-2017-7541    |  7.8 |  AV:L  |     |        |   fixed | https://nvd.nist.gov/vuln/detail/CVE-2017-7541    |
| CVE-2017-8824    |  7.8 |  AV:L  |     |        |   fixed | https://nvd.nist.gov/vuln/detail/CVE-2017-8824    |
| CVE-2018-1000001 |  7.8 |  AV:L  |     |        |   fixed | https://nvd.nist.gov/vuln/detail/CVE-2018-1000001 |
| CVE-2018-1000199 |  7.8 |  AV:L  |     |        |   fixed | https://nvd.nist.gov/vuln/detail/CVE-2018-1000199 |
| CVE-2018-1000876 |  7.8 |  AV:L  |     |        |   fixed | https://nvd.nist.gov/vuln/detail/CVE-2018-1000876 |
| CVE-2018-10675   |  7.8 |  AV:L  |     |        |   fixed | https://nvd.nist.gov/vuln/detail/CVE-2018-10675   |
| CVE-2018-10853   |  7.8 |  AV:L  |     |        |   fixed | https://nvd.nist.gov/vuln/detail/CVE-2018-10853   |
| CVE-2018-10878   |  7.8 |  AV:L  |     |        |   fixed | https://nvd.nist.gov/vuln/detail/CVE-2018-10878   |
| CVE-2018-10879   |  7.8 |  AV:P  |     |        |   fixed | https://nvd.nist.gov/vuln/detail/CVE-2018-10879   |
| CVE-2018-10902   |  7.8 |  AV:L  |     |        |   fixed | https://nvd.nist.gov/vuln/detail/CVE-2018-10902   |
| CVE-2018-11237   |  7.8 |  AV:L  |     |        |   fixed | https://nvd.nist.gov/vuln/detail/CVE-2018-11237   |
| CVE-2018-1124    |  7.8 |  AV:L  |     |        |   fixed | https://nvd.nist.gov/vuln/detail/CVE-2018-1124    |
| CVE-2018-13405   |  7.8 |  AV:L  |     |        |   fixed | https://nvd.nist.gov/vuln/detail/CVE-2018-13405   |
| CVE-2018-14634   |  7.8 |  AV:L  |     |        |   fixed | https://nvd.nist.gov/vuln/detail/CVE-2018-14634   |
| CVE-2018-14734   |  7.8 |  AV:L  |     |        |   fixed | https://nvd.nist.gov/vuln/detail/CVE-2018-14734   |
| CVE-2018-16864   |  7.8 |  AV:L  |     |        |   fixed | https://nvd.nist.gov/vuln/detail/CVE-2018-16864   |
| CVE-2018-16865   |  7.8 |  AV:N  |     |        |   fixed | https://nvd.nist.gov/vuln/detail/CVE-2018-16865   |
| CVE-2018-18281   |  7.8 |  AV:L  |     |        |   fixed | https://nvd.nist.gov/vuln/detail/CVE-2018-18281   |
| CVE-2018-18445   |  7.8 |  AV:L  |     |        |   fixed | https://nvd.nist.gov/vuln/detail/CVE-2018-18445   |
| CVE-2018-20856   |  7.8 |  AV:L  |     |        |   fixed | https://nvd.nist.gov/vuln/detail/CVE-2018-20856   |
| CVE-2018-20976   |  7.8 |  AV:L  |     |        | unfixed | https://nvd.nist.gov/vuln/detail/CVE-2018-20976   |
| CVE-2018-5344    |  7.8 |  AV:L  |     |        |   fixed | https://nvd.nist.gov/vuln/detail/CVE-2018-5344    |
| CVE-2018-5390    |  7.8 |  AV:N  |     | USCERT |   fixed | https://nvd.nist.gov/vuln/detail/CVE-2018-5390    |
| CVE-2018-5391    |  7.8 |  AV:N  |     | USCERT |   fixed | https://nvd.nist.gov/vuln/detail/CVE-2018-5391    |
| CVE-2018-5819    |  7.8 |  AV:L  |     |        |   fixed | https://nvd.nist.gov/vuln/detail/CVE-2018-5819    |
| CVE-2018-5848    |  7.8 |  AV:L  |     |        |   fixed | https://nvd.nist.gov/vuln/detail/CVE-2018-5848    |
| CVE-2018-6927    |  7.8 |  AV:L  |     |        |   fixed | https://nvd.nist.gov/vuln/detail/CVE-2018-6927    |
| CVE-2018-7208    |  7.8 |  AV:L  |     |        |   fixed | https://nvd.nist.gov/vuln/detail/CVE-2018-7208    |
| CVE-2018-7566    |  7.8 |  AV:L  |     |        |   fixed | https://nvd.nist.gov/vuln/detail/CVE-2018-7566    |
| CVE-2018-7643    |  7.8 |  AV:L  |     |        |   fixed | https://nvd.nist.gov/vuln/detail/CVE-2018-7643    |
| CVE-2018-8781    |  7.8 |  AV:L  |     |        |   fixed | https://nvd.nist.gov/vuln/detail/CVE-2018-8781    |
| CVE-2018-8897    |  7.8 |  AV:L  |     |        |   fixed | https://nvd.nist.gov/vuln/detail/CVE-2018-8897    |
| CVE-2018-9516    |  7.8 |  AV:L  |     |        |   fixed | https://nvd.nist.gov/vuln/detail/CVE-2018-9516    |
| CVE-2018-9568    |  7.8 |  AV:L  |     |        |   fixed | https://nvd.nist.gov/vuln/detail/CVE-2018-9568    |
| CVE-2019-11477   |  7.8 |  AV:N  |     |        |   fixed | https://nvd.nist.gov/vuln/detail/CVE-2019-11477   |
| CVE-2019-11487   |  7.8 |  AV:L  |     |        |   fixed | https://nvd.nist.gov/vuln/detail/CVE-2019-11487   |
| CVE-2019-11810   |  7.8 |  AV:L  |     |        |   fixed | https://nvd.nist.gov/vuln/detail/CVE-2019-11810   |
| CVE-2019-14815   |  7.8 |  AV:L  |     |        |   fixed | https://nvd.nist.gov/vuln/detail/CVE-2019-14815   |
| CVE-2019-14835   |  7.8 |  AV:L  |     |        |   fixed | https://nvd.nist.gov/vuln/detail/CVE-2019-14835   |
| CVE-2019-15239   |  7.8 |  AV:L  |     |        |   fixed | https://nvd.nist.gov/vuln/detail/CVE-2019-15239   |
| CVE-2019-15916   |  7.8 |  AV:L  |     |        |   fixed | https://nvd.nist.gov/vuln/detail/CVE-2019-15916   |
| CVE-2019-15927   |  7.8 |  AV:L  |     |        | unfixed | https://nvd.nist.gov/vuln/detail/CVE-2019-15927   |
| CVE-2019-18276   |  7.8 |  AV:L  |     |        | unfixed | https://nvd.nist.gov/vuln/detail/CVE-2019-18276   |
| CVE-2019-18634   |  7.8 |  AV:L  |     |        |   fixed | https://nvd.nist.gov/vuln/detail/CVE-2019-18634   |
| CVE-2019-19447   |  7.8 |  AV:L  |     |        | unfixed | https://nvd.nist.gov/vuln/detail/CVE-2019-19447   |
| CVE-2019-19523   |  7.8 |  AV:L  |     |        | unfixed | https://nvd.nist.gov/vuln/detail/CVE-2019-19523   |
| CVE-2019-19807   |  7.8 |  AV:L  |     |        | unfixed | https://nvd.nist.gov/vuln/detail/CVE-2019-19807   |
| CVE-2019-5436    |  7.8 |  AV:L  |     |        |   fixed | https://nvd.nist.gov/vuln/detail/CVE-2019-5436    |
| CVE-2019-7221    |  7.8 |  AV:L  |     |        |   fixed | https://nvd.nist.gov/vuln/detail/CVE-2019-7221    |
| CVE-2019-9924    |  7.8 |  AV:L  |     |        |   fixed | https://nvd.nist.gov/vuln/detail/CVE-2019-9924    |
| CVE-2020-10757   |  7.8 |  AV:L  |     |        |   fixed | https://nvd.nist.gov/vuln/detail/CVE-2020-10757   |
| CVE-2020-12653   |  7.8 |  AV:L  |     |        |   fixed | https://nvd.nist.gov/vuln/detail/CVE-2020-12653   |
| CVE-2020-24394   |  7.8 |  AV:L  |     |        | unfixed | https://nvd.nist.gov/vuln/detail/CVE-2020-24394   |
| CVE-2020-7053    |  7.8 |  AV:L  |     |        | unfixed | https://nvd.nist.gov/vuln/detail/CVE-2020-7053    |
| CVE-2018-1000026 |  7.7 |  AV:A  |     |        |   fixed | https://nvd.nist.gov/vuln/detail/CVE-2018-1000026 |
| CVE-2018-2755    |  7.7 |  AV:L  |     |        |   fixed | https://nvd.nist.gov/vuln/detail/CVE-2018-2755    |
| CVE-2017-10661   |  7.6 |  AV:L  |     |        |   fixed | https://nvd.nist.gov/vuln/detail/CVE-2017-10661   |
| CVE-2014-4043    |  7.5 |  AV:L  |     |        | unfixed | https://nvd.nist.gov/vuln/detail/CVE-2014-4043    |
| CVE-2014-6272    |  7.5 |  AV:N  |     |        | unfixed | https://nvd.nist.gov/vuln/detail/CVE-2014-6272    |
| CVE-2015-2059    |  7.5 |  AV:N  |     |        | unfixed | https://nvd.nist.gov/vuln/detail/CVE-2015-2059    |
| CVE-2015-2716    |  7.5 |  AV:N  |     |        |   fixed | https://nvd.nist.gov/vuln/detail/CVE-2015-2716    |
| CVE-2015-5180    |  7.5 |  AV:L  |     |        |   fixed | https://nvd.nist.gov/vuln/detail/CVE-2015-5180    |
| CVE-2016-2183    |  7.5 |  AV:N  |     |        |   fixed | https://nvd.nist.gov/vuln/detail/CVE-2016-2183    |
| CVE-2017-1000410 |  7.5 |  AV:A  |     |        |   fixed | https://nvd.nist.gov/vuln/detail/CVE-2017-1000410 |
| CVE-2017-3143    |  7.5 |  AV:N  |     |        |   fixed | https://nvd.nist.gov/vuln/detail/CVE-2017-3143    |
| CVE-2017-3144    |  7.5 |  AV:N  |     |        |   fixed | https://nvd.nist.gov/vuln/detail/CVE-2017-3144    |
| CVE-2017-3145    |  7.5 |  AV:N  |     |        |   fixed | https://nvd.nist.gov/vuln/detail/CVE-2017-3145    |
| CVE-2017-7558    |  7.5 |  AV:L  |     |        |   fixed | https://nvd.nist.gov/vuln/detail/CVE-2017-7558    |
| CVE-2017-7805    |  7.5 |  AV:N  |     |        |   fixed | https://nvd.nist.gov/vuln/detail/CVE-2017-7805    |
| CVE-2018-0732    |  7.5 |  AV:N  |     |        |   fixed | https://nvd.nist.gov/vuln/detail/CVE-2018-0732    |
| CVE-2018-1000121 |  7.5 |  AV:N  |     |        |   fixed | https://nvd.nist.gov/vuln/detail/CVE-2018-1000121 |
| CVE-2018-1060    |  7.5 |  AV:N  |     |        |   fixed | https://nvd.nist.gov/vuln/detail/CVE-2018-1060    |
| CVE-2018-1061    |  7.5 |  AV:N  |     |        |   fixed | https://nvd.nist.gov/vuln/detail/CVE-2018-1061    |
| CVE-2018-12020   |  7.5 |  AV:N  |     |        |   fixed | https://nvd.nist.gov/vuln/detail/CVE-2018-12020   |
| CVE-2018-12697   |  7.5 |  AV:N  |     |        |   fixed | https://nvd.nist.gov/vuln/detail/CVE-2018-12697   |
| CVE-2018-14404   |  7.5 |  AV:N  |     |        |   fixed | https://nvd.nist.gov/vuln/detail/CVE-2018-14404   |
| CVE-2018-14647   |  7.5 |  AV:N  |     |        |   fixed | https://nvd.nist.gov/vuln/detail/CVE-2018-14647   |
| CVE-2018-16871   |  7.5 |  AV:N  |     |        |   fixed | https://nvd.nist.gov/vuln/detail/CVE-2018-16871   |
| CVE-2018-16881   |  7.5 |  AV:N  |     |        |   fixed | https://nvd.nist.gov/vuln/detail/CVE-2018-16881   |
| CVE-2018-2562    |  7.5 |  AV:N  |     |        |   fixed | https://nvd.nist.gov/vuln/detail/CVE-2018-2562    |
| CVE-2018-5732    |  7.5 |  AV:N  |     |        |   fixed | https://nvd.nist.gov/vuln/detail/CVE-2018-5732    |
| CVE-2018-5733    |  7.5 |  AV:N  |     |        |   fixed | https://nvd.nist.gov/vuln/detail/CVE-2018-5733    |
| CVE-2018-5740    |  7.5 |  AV:N  |     |        |   fixed | https://nvd.nist.gov/vuln/detail/CVE-2018-5740    |
| CVE-2018-5742    |  7.5 |  AV:N  |     |        |   fixed | https://nvd.nist.gov/vuln/detail/CVE-2018-5742    |
| CVE-2018-5818    |  7.5 |  AV:N  |     |        |   fixed | https://nvd.nist.gov/vuln/detail/CVE-2018-5818    |
| CVE-2019-10639   |  7.5 |  AV:N  |     |        |   fixed | https://nvd.nist.gov/vuln/detail/CVE-2019-10639   |
| CVE-2019-11478   |  7.5 |  AV:N  |     |        |   fixed | https://nvd.nist.gov/vuln/detail/CVE-2019-11478   |
| CVE-2019-11479   |  7.5 |  AV:N  |     |        |   fixed | https://nvd.nist.gov/vuln/detail/CVE-2019-11479   |
| CVE-2019-11729   |  7.5 |  AV:N  |     |        |   fixed | https://nvd.nist.gov/vuln/detail/CVE-2019-11729   |
| CVE-2019-15903   |  7.5 |  AV:L  |     |        | unfixed | https://nvd.nist.gov/vuln/detail/CVE-2019-15903   |
| CVE-2019-16056   |  7.5 |  AV:N  |     |        |   fixed | https://nvd.nist.gov/vuln/detail/CVE-2019-16056   |
| CVE-2019-19768   |  7.5 |  AV:L  |     |        |   fixed | https://nvd.nist.gov/vuln/detail/CVE-2019-19768   |
| CVE-2019-19956   |  7.5 |  AV:N  |     |        | unfixed | https://nvd.nist.gov/vuln/detail/CVE-2019-19956   |
| CVE-2019-20388   |  7.5 |  AV:N  |     |        | unfixed | https://nvd.nist.gov/vuln/detail/CVE-2019-20388   |
| CVE-2019-20907   |  7.5 |  AV:N  |     |        | unfixed | https://nvd.nist.gov/vuln/detail/CVE-2019-20907   |
| CVE-2019-5010    |  7.5 |  AV:N  |     |        |   fixed | https://nvd.nist.gov/vuln/detail/CVE-2019-5010    |
| CVE-2019-5188    |  7.5 |  AV:L  |     |        | unfixed | https://nvd.nist.gov/vuln/detail/CVE-2019-5188    |
| CVE-2019-6470    |  7.5 |  AV:N  |     |        |   fixed | https://nvd.nist.gov/vuln/detail/CVE-2019-6470    |
| CVE-2019-6477    |  7.5 |  AV:N  |     |        |   fixed | https://nvd.nist.gov/vuln/detail/CVE-2019-6477    |
| CVE-2020-12243   |  7.5 |  AV:N  |     |        | unfixed | https://nvd.nist.gov/vuln/detail/CVE-2020-12243   |
| CVE-2020-1749    |  7.5 |  AV:N  |     |        | unfixed | https://nvd.nist.gov/vuln/detail/CVE-2020-1749    |
| CVE-2020-7595    |  7.5 |  AV:N  |     |        | unfixed | https://nvd.nist.gov/vuln/detail/CVE-2020-7595    |
| CVE-2020-8617    |  7.5 |  AV:N  |     |        |   fixed | https://nvd.nist.gov/vuln/detail/CVE-2020-8617    |
| CVE-2017-1000407 |  7.4 |  AV:A  |     |        |   fixed | https://nvd.nist.gov/vuln/detail/CVE-2017-1000407 |
| CVE-2019-6133    |  7.3 |  AV:L  |     |        |   fixed | https://nvd.nist.gov/vuln/detail/CVE-2019-6133    |
| CVE-2017-17558   |  7.2 |  AV:P  |     |        |   fixed | https://nvd.nist.gov/vuln/detail/CVE-2017-17558   |
| CVE-2018-20169   |  7.2 |  AV:P  |     |        |   fixed | https://nvd.nist.gov/vuln/detail/CVE-2018-20169   |
| CVE-2018-9517    |  7.2 |  AV:L  |     |        |   fixed | https://nvd.nist.gov/vuln/detail/CVE-2018-9517    |
| CVE-2019-19527   |  7.2 |  AV:P  |     |        |   fixed | https://nvd.nist.gov/vuln/detail/CVE-2019-19527   |
| CVE-2019-20636   |  7.2 |  AV:L  |     |        | unfixed | https://nvd.nist.gov/vuln/detail/CVE-2019-20636   |
| CVE-2020-12464   |  7.2 |  AV:L  |     |        | unfixed | https://nvd.nist.gov/vuln/detail/CVE-2020-12464   |
| CVE-2017-12154   |  7.1 |  AV:A  |     |        |   fixed | https://nvd.nist.gov/vuln/detail/CVE-2017-12154   |
| CVE-2017-13305   |  7.1 |  AV:L  |     |        |   fixed | https://nvd.nist.gov/vuln/detail/CVE-2017-13305   |
| CVE-2017-18270   |  7.1 |  AV:L  |     |        |   fixed | https://nvd.nist.gov/vuln/detail/CVE-2017-18270   |
| CVE-2017-18344   |  7.1 |  AV:L  |     |        |   fixed | https://nvd.nist.gov/vuln/detail/CVE-2017-18344   |
| CVE-2018-1000004 |  7.1 |  AV:L  |     |        |   fixed | https://nvd.nist.gov/vuln/detail/CVE-2018-1000004 |
| CVE-2018-1092    |  7.1 |  AV:P  |     |        |   fixed | https://nvd.nist.gov/vuln/detail/CVE-2018-1092    |
| CVE-2018-1094    |  7.1 |  AV:P  |     |        |   fixed | https://nvd.nist.gov/vuln/detail/CVE-2018-1094    |
| CVE-2018-5383    |  7.1 |  AV:A  |     | USCERT | unfixed | https://nvd.nist.gov/vuln/detail/CVE-2018-5383    |
| CVE-2019-5489    |  7.1 |  AV:N  |     |        |   fixed | https://nvd.nist.gov/vuln/detail/CVE-2019-5489    |
| CVE-2020-11668   |  7.1 |  AV:L  |     |        | unfixed | https://nvd.nist.gov/vuln/detail/CVE-2020-11668   |
| CVE-2020-12654   |  7.1 |  AV:A  |     |        |   fixed | https://nvd.nist.gov/vuln/detail/CVE-2020-12654   |
| CVE-2020-12825   |  7.1 |  AV:N  |     |        | unfixed | https://nvd.nist.gov/vuln/detail/CVE-2020-12825   |
| CVE-2020-8648    |  7.1 |  AV:L  |     |        | unfixed | https://nvd.nist.gov/vuln/detail/CVE-2020-8648    |
| CVE-2020-9383    |  7.1 |  AV:L  |     |        | unfixed | https://nvd.nist.gov/vuln/detail/CVE-2020-9383    |
| CVE-2017-1000112 |  7.0 |  AV:L  |     |        |   fixed | https://nvd.nist.gov/vuln/detail/CVE-2017-1000112 |
| CVE-2017-11600   |  7.0 |  AV:L  |     |        |   fixed | https://nvd.nist.gov/vuln/detail/CVE-2017-11600   |
| CVE-2017-15265   |  7.0 |  AV:L  |     |        |   fixed | https://nvd.nist.gov/vuln/detail/CVE-2017-15265   |
| CVE-2017-3636    |  7.0 |  AV:L  |     |        |   fixed | https://nvd.nist.gov/vuln/detail/CVE-2017-3636    |
| CVE-2018-1122    |  7.0 |  AV:L  |     |        |   fixed | https://nvd.nist.gov/vuln/detail/CVE-2018-1122    |
| CVE-2018-14625   |  7.0 |  AV:L  |     |        |   fixed | https://nvd.nist.gov/vuln/detail/CVE-2018-14625   |
| CVE-2019-11599   |  7.0 |  AV:L  |     |        |   fixed | https://nvd.nist.gov/vuln/detail/CVE-2019-11599   |
| CVE-2019-11811   |  7.0 |  AV:L  |     |        |   fixed | https://nvd.nist.gov/vuln/detail/CVE-2019-11811   |
| CVE-2019-13233   |  7.0 |  AV:L  |     |        |   fixed | https://nvd.nist.gov/vuln/detail/CVE-2019-13233   |
| CVE-2019-14898   |  7.0 |  AV:L  |     |        |   fixed | https://nvd.nist.gov/vuln/detail/CVE-2019-14898   |
| CVE-2019-15917   |  7.0 |  AV:L  |     |        | unfixed | https://nvd.nist.gov/vuln/detail/CVE-2019-15917   |
| CVE-2019-3842    |  7.0 |  AV:L  |     |        | unfixed | https://nvd.nist.gov/vuln/detail/CVE-2019-3842    |
| CVE-2019-6454    |  7.0 |  AV:L  |     |        |   fixed | https://nvd.nist.gov/vuln/detail/CVE-2019-6454    |
| CVE-2015-0247    |  6.9 |  AV:L  |     | USCERT | unfixed | https://nvd.nist.gov/vuln/detail/CVE-2015-0247    |
| CVE-2016-8633    |  6.8 |  AV:L  |     |        |   fixed | https://nvd.nist.gov/vuln/detail/CVE-2016-8633    |
| CVE-2018-2622    |  6.8 |  AV:N  |     |        |   fixed | https://nvd.nist.gov/vuln/detail/CVE-2018-2622    |
| CVE-2018-2640    |  6.8 |  AV:N  |     |        |   fixed | https://nvd.nist.gov/vuln/detail/CVE-2018-2640    |
| CVE-2018-2665    |  6.8 |  AV:N  |     |        |   fixed | https://nvd.nist.gov/vuln/detail/CVE-2018-2665    |
| CVE-2018-2668    |  6.8 |  AV:N  |     |        |   fixed | https://nvd.nist.gov/vuln/detail/CVE-2018-2668    |
| CVE-2019-11884   |  6.8 |  AV:A  |     |        |   fixed | https://nvd.nist.gov/vuln/detail/CVE-2019-11884   |
| CVE-2019-14283   |  6.8 |  AV:L  |     |        |   fixed | https://nvd.nist.gov/vuln/detail/CVE-2019-14283   |
| CVE-2019-19046   |  6.8 |  AV:N  |     |        | unfixed | https://nvd.nist.gov/vuln/detail/CVE-2019-19046   |
| CVE-2019-19532   |  6.8 |  AV:L  |     |        | unfixed | https://nvd.nist.gov/vuln/detail/CVE-2019-19532   |
| CVE-2019-3900    |  6.8 |  AV:N  |     |        |   fixed | https://nvd.nist.gov/vuln/detail/CVE-2019-3900    |
| CVE-2020-12403   |  6.8 |  AV:N  |     |        | unfixed | https://nvd.nist.gov/vuln/detail/CVE-2020-12403   |
| CVE-2020-2732    |  6.8 |  AV:A  |     |        | unfixed | https://nvd.nist.gov/vuln/detail/CVE-2020-2732    |
| CVE-2019-15090   |  6.7 |  AV:L  |     |        |   fixed | https://nvd.nist.gov/vuln/detail/CVE-2019-15090   |
| CVE-2019-9456    |  6.7 |  AV:L  |     |        |   fixed | https://nvd.nist.gov/vuln/detail/CVE-2019-9456    |
| CVE-2020-12770   |  6.7 |  AV:L  |     |        | unfixed | https://nvd.nist.gov/vuln/detail/CVE-2020-12770   |
| CVE-2020-14309   |  6.7 |  AV:L  |     |        |   fixed | https://nvd.nist.gov/vuln/detail/CVE-2020-14309   |
| CVE-2020-14381   |  6.7 |  AV:L  |     |        | unfixed | https://nvd.nist.gov/vuln/detail/CVE-2020-14381   |
| CVE-2020-14331   |  6.6 |  AV:P  |     |        | unfixed | https://nvd.nist.gov/vuln/detail/CVE-2020-14331   |
| CVE-2015-9382    |  6.5 |  AV:N  |     |        |   fixed | https://nvd.nist.gov/vuln/detail/CVE-2015-9382    |
| CVE-2017-10378   |  6.5 |  AV:N  |     |        |   fixed | https://nvd.nist.gov/vuln/detail/CVE-2017-10378   |
| CVE-2017-10379   |  6.5 |  AV:N  |     |        |   fixed | https://nvd.nist.gov/vuln/detail/CVE-2017-10379   |
| CVE-2017-10384   |  6.5 |  AV:N  |     |        |   fixed | https://nvd.nist.gov/vuln/detail/CVE-2017-10384   |
| CVE-2017-11368   |  6.5 |  AV:N  |     |        |   fixed | https://nvd.nist.gov/vuln/detail/CVE-2017-11368   |
| CVE-2017-12190   |  6.5 |  AV:A  |     |        |   fixed | https://nvd.nist.gov/vuln/detail/CVE-2017-12190   |
| CVE-2017-18258   |  6.5 |  AV:N  |     |        |   fixed | https://nvd.nist.gov/vuln/detail/CVE-2017-18258   |
| CVE-2017-3736    |  6.5 |  AV:N  |     |        |   fixed | https://nvd.nist.gov/vuln/detail/CVE-2017-3736    |
| CVE-2017-7562    |  6.5 |  AV:N  |     |        |   fixed | https://nvd.nist.gov/vuln/detail/CVE-2017-7562    |
| CVE-2018-0739    |  6.5 |  AV:N  |     |        |   fixed | https://nvd.nist.gov/vuln/detail/CVE-2018-0739    |
| CVE-2018-10360   |  6.5 |  AV:N  |     |        |   fixed | https://nvd.nist.gov/vuln/detail/CVE-2018-10360   |
| CVE-2018-10373   |  6.5 |  AV:N  |     |        |   fixed | https://nvd.nist.gov/vuln/detail/CVE-2018-10373   |
| CVE-2018-10733   |  6.5 |  AV:L  |     |        |   fixed | https://nvd.nist.gov/vuln/detail/CVE-2018-10733   |
| CVE-2018-10767   |  6.5 |  AV:L  |     |        |   fixed | https://nvd.nist.gov/vuln/detail/CVE-2018-10767   |
| CVE-2018-10768   |  6.5 |  AV:L  |     |        |   fixed | https://nvd.nist.gov/vuln/detail/CVE-2018-10768   |
| CVE-2018-12126   |  6.5 |  AV:L  |     |        |   fixed | https://nvd.nist.gov/vuln/detail/CVE-2018-12126   |
| CVE-2018-12127   |  6.5 |  AV:L  |     |        |   fixed | https://nvd.nist.gov/vuln/detail/CVE-2018-12127   |
| CVE-2018-12207   |  6.5 |  AV:L  |     |        |   fixed | https://nvd.nist.gov/vuln/detail/CVE-2018-12207   |
| CVE-2018-13988   |  6.5 |  AV:N  |     |        |   fixed | https://nvd.nist.gov/vuln/detail/CVE-2018-13988   |
| CVE-2018-14567   |  6.5 |  AV:N  |     |        |   fixed | https://nvd.nist.gov/vuln/detail/CVE-2018-14567   |
| CVE-2018-18520   |  6.5 |  AV:L  |     |        |   fixed | https://nvd.nist.gov/vuln/detail/CVE-2018-18520   |
| CVE-2018-2817    |  6.5 |  AV:N  |     |        |   fixed | https://nvd.nist.gov/vuln/detail/CVE-2018-2817    |
| CVE-2018-2819    |  6.5 |  AV:N  |     |        |   fixed | https://nvd.nist.gov/vuln/detail/CVE-2018-2819    |
| CVE-2018-3133    |  6.5 |  AV:N  |     |        |   fixed | https://nvd.nist.gov/vuln/detail/CVE-2018-3133    |
| CVE-2018-5729    |  6.5 |  AV:N  |     |        |   fixed | https://nvd.nist.gov/vuln/detail/CVE-2018-5729    |
| CVE-2018-5741    |  6.5 |  AV:N  |     |        |   fixed | https://nvd.nist.gov/vuln/detail/CVE-2018-5741    |
| CVE-2019-0154    |  6.5 |  AV:L  |     |        |   fixed | https://nvd.nist.gov/vuln/detail/CVE-2019-0154    |
| CVE-2019-10638   |  6.5 |  AV:N  |     |        |   fixed | https://nvd.nist.gov/vuln/detail/CVE-2019-10638   |
| CVE-2019-11135   |  6.5 |  AV:L  |     |        | unfixed | https://nvd.nist.gov/vuln/detail/CVE-2019-11135   |
| CVE-2019-11236   |  6.5 |  AV:N  |     |        |   fixed | https://nvd.nist.gov/vuln/detail/CVE-2019-11236   |
| CVE-2019-17023   |  6.5 |  AV:N  |     |        | unfixed | https://nvd.nist.gov/vuln/detail/CVE-2019-17023   |
| CVE-2019-17450   |  6.5 |  AV:L  |     |        | unfixed | https://nvd.nist.gov/vuln/detail/CVE-2019-17450   |
| CVE-2019-2455    |  6.5 |  AV:N  |     |        |   fixed | https://nvd.nist.gov/vuln/detail/CVE-2019-2455    |
| CVE-2019-2529    |  6.5 |  AV:N  |     |        |   fixed | https://nvd.nist.gov/vuln/detail/CVE-2019-2529    |
| CVE-2019-2740    |  6.5 |  AV:N  |     |        |   fixed | https://nvd.nist.gov/vuln/detail/CVE-2019-2740    |
| CVE-2019-2805    |  6.5 |  AV:N  |     |        |   fixed | https://nvd.nist.gov/vuln/detail/CVE-2019-2805    |
| CVE-2019-3459    |  6.5 |  AV:N  |     |        |   fixed | https://nvd.nist.gov/vuln/detail/CVE-2019-3459    |
| CVE-2019-3460    |  6.5 |  AV:N  |     |        |   fixed | https://nvd.nist.gov/vuln/detail/CVE-2019-3460    |
| CVE-2019-5108    |  6.5 |  AV:A  |     |        | unfixed | https://nvd.nist.gov/vuln/detail/CVE-2019-5108    |
| CVE-2019-7149    |  6.5 |  AV:L  |     |        |   fixed | https://nvd.nist.gov/vuln/detail/CVE-2019-7149    |
| CVE-2019-9740    |  6.5 |  AV:N  |     |        |   fixed | https://nvd.nist.gov/vuln/detail/CVE-2019-9740    |
| CVE-2019-9947    |  6.5 |  AV:N  |     |        |   fixed | https://nvd.nist.gov/vuln/detail/CVE-2019-9947    |
| CVE-2020-0543    |  6.5 |  AV:L  |     |        |   fixed | https://nvd.nist.gov/vuln/detail/CVE-2020-0543    |
| CVE-2020-0549    |  6.5 |  AV:L  |     |        |   fixed | https://nvd.nist.gov/vuln/detail/CVE-2020-0549    |
| CVE-2020-10690   |  6.5 |  AV:L  |     |        | unfixed | https://nvd.nist.gov/vuln/detail/CVE-2020-10690   |
| CVE-2020-12049   |  6.5 |  AV:L  |     |        |   fixed | https://nvd.nist.gov/vuln/detail/CVE-2020-12049   |
| CVE-2020-8834    |  6.5 |  AV:L  |     |        | unfixed | https://nvd.nist.gov/vuln/detail/CVE-2020-8834    |
| CVE-2019-2503    |  6.4 |  AV:A  |     |        |   fixed | https://nvd.nist.gov/vuln/detail/CVE-2019-2503    |
| CVE-2020-0305    |  6.4 |  AV:L  |     |        | unfixed | https://nvd.nist.gov/vuln/detail/CVE-2020-0305    |
| CVE-2020-14308   |  6.4 |  AV:L  |     |        |   fixed | https://nvd.nist.gov/vuln/detail/CVE-2020-14308   |
| CVE-2020-15705   |  6.4 |  AV:L  |     |        |   fixed | https://nvd.nist.gov/vuln/detail/CVE-2020-15705   |
| CVE-2020-15706   |  6.4 |  AV:L  |     |        |   fixed | https://nvd.nist.gov/vuln/detail/CVE-2020-15706   |
| CVE-2020-15707   |  6.4 |  AV:L  |     |        |   fixed | https://nvd.nist.gov/vuln/detail/CVE-2020-15707   |
| CVE-2018-12130   |  6.2 |  AV:L  |     |        |   fixed | https://nvd.nist.gov/vuln/detail/CVE-2018-12130   |
| CVE-2018-7191    |  6.2 |  AV:L  |     |        |   fixed | https://nvd.nist.gov/vuln/detail/CVE-2018-7191    |
| CVE-2017-15129   |  6.1 |  AV:L  |     |        |   fixed | https://nvd.nist.gov/vuln/detail/CVE-2017-15129   |
| CVE-2018-16658   |  6.1 |  AV:L  |     |        |   fixed | https://nvd.nist.gov/vuln/detail/CVE-2018-16658   |
| CVE-2018-18397   |  6.1 |  AV:L  |     |        |   fixed | https://nvd.nist.gov/vuln/detail/CVE-2018-18397   |
| CVE-2019-16935   |  6.1 |  AV:N  |     |        | unfixed | https://nvd.nist.gov/vuln/detail/CVE-2019-16935   |
| CVE-2019-19332   |  6.1 |  AV:L  |     |        | unfixed | https://nvd.nist.gov/vuln/detail/CVE-2019-19332   |
| CVE-2020-10751   |  6.1 |  AV:L  |     |        | unfixed | https://nvd.nist.gov/vuln/detail/CVE-2020-10751   |
| CVE-2020-8647    |  6.1 |  AV:L  |     |        | unfixed | https://nvd.nist.gov/vuln/detail/CVE-2020-8647    |
| CVE-2019-0117    |  6.0 |  AV:L  |     |        | unfixed | https://nvd.nist.gov/vuln/detail/CVE-2019-0117    |
| CVE-2019-11139   |  6.0 |  AV:L  |     |        | unfixed | https://nvd.nist.gov/vuln/detail/CVE-2019-11139   |
| CVE-2019-19927   |  6.0 |  AV:L  |     |        | unfixed | https://nvd.nist.gov/vuln/detail/CVE-2019-19927   |
| CVE-2020-10742   |  6.0 |  AV:L  |     |        | unfixed | https://nvd.nist.gov/vuln/detail/CVE-2020-10742   |
| CVE-2020-11565   |  6.0 |  AV:L  |     |        | unfixed | https://nvd.nist.gov/vuln/detail/CVE-2020-11565   |
| CVE-2020-14310   |  6.0 |  AV:L  |     |        |   fixed | https://nvd.nist.gov/vuln/detail/CVE-2020-14310   |
| CVE-2020-14311   |  6.0 |  AV:L  |     |        |   fixed | https://nvd.nist.gov/vuln/detail/CVE-2020-14311   |
| CVE-2017-12132   |  5.9 |  AV:N  |     |        |   fixed | https://nvd.nist.gov/vuln/detail/CVE-2017-12132   |
| CVE-2017-3737    |  5.9 |  AV:N  |     |        |   fixed | https://nvd.nist.gov/vuln/detail/CVE-2017-3737    |
| CVE-2017-3738    |  5.9 |  AV:N  |     |        |   fixed | https://nvd.nist.gov/vuln/detail/CVE-2017-3738    |
| CVE-2018-0734    |  5.9 |  AV:L  |     |        |   fixed | https://nvd.nist.gov/vuln/detail/CVE-2018-0734    |
| CVE-2018-0737    |  5.9 |  AV:N  |     |        |   fixed | https://nvd.nist.gov/vuln/detail/CVE-2018-0737    |
| CVE-2018-1049    |  5.9 |  AV:A  |     |        |   fixed | https://nvd.nist.gov/vuln/detail/CVE-2018-1049    |
| CVE-2018-12384   |  5.9 |  AV:N  |     |        |   fixed | https://nvd.nist.gov/vuln/detail/CVE-2018-12384   |
| CVE-2018-12404   |  5.9 |  AV:N  |     |        |   fixed | https://nvd.nist.gov/vuln/detail/CVE-2018-12404   |
| CVE-2018-2761    |  5.9 |  AV:N  |     |        |   fixed | https://nvd.nist.gov/vuln/detail/CVE-2018-2761    |
| CVE-2018-3693    |  5.9 |  AV:L  |     |        |   fixed | https://nvd.nist.gov/vuln/detail/CVE-2018-3693    |
| CVE-2018-7755    |  5.9 |  AV:L  |     |        |   fixed | https://nvd.nist.gov/vuln/detail/CVE-2018-7755    |
| CVE-2019-1125    |  5.9 |  AV:L  |     |        |   fixed | https://nvd.nist.gov/vuln/detail/CVE-2019-1125    |
| CVE-2019-1559    |  5.9 |  AV:N  |     |        |   fixed | https://nvd.nist.gov/vuln/detail/CVE-2019-1559    |
| CVE-2020-10711   |  5.9 |  AV:N  |     |        |   fixed | https://nvd.nist.gov/vuln/detail/CVE-2020-10711   |
| CVE-2020-14145   |  5.9 |  AV:N  |     |        | unfixed | https://nvd.nist.gov/vuln/detail/CVE-2020-14145   |
| CVE-2020-8649    |  5.9 |  AV:L  |     |        | unfixed | https://nvd.nist.gov/vuln/detail/CVE-2020-8649    |
| CVE-2017-11671   |  5.6 |  AV:N  |     |        |   fixed | https://nvd.nist.gov/vuln/detail/CVE-2017-11671   |
| CVE-2017-5715    |  5.6 |  AV:L  |     | USCERT | unfixed | https://nvd.nist.gov/vuln/detail/CVE-2017-5715    |
| CVE-2017-5753    |  5.6 |  AV:L  |     | USCERT | unfixed | https://nvd.nist.gov/vuln/detail/CVE-2017-5753    |
| CVE-2017-5754    |  5.6 |  AV:L  |     | USCERT | unfixed | https://nvd.nist.gov/vuln/detail/CVE-2017-5754    |
| CVE-2018-15594   |  5.6 |  AV:L  |     |        |   fixed | https://nvd.nist.gov/vuln/detail/CVE-2018-15594   |
| CVE-2018-3620    |  5.6 |  AV:L  |     |        |   fixed | https://nvd.nist.gov/vuln/detail/CVE-2018-3620    |
| CVE-2018-3639    |  5.6 |  AV:L  |     | USCERT |   fixed | https://nvd.nist.gov/vuln/detail/CVE-2018-3639    |
| CVE-2018-3646    |  5.6 |  AV:L  |     |        |   fixed | https://nvd.nist.gov/vuln/detail/CVE-2018-3646    |
| CVE-2018-3665    |  5.6 |  AV:L  |     |        |   fixed | https://nvd.nist.gov/vuln/detail/CVE-2018-3665    |
| CVE-2019-11091   |  5.6 |  AV:L  |     |        |   fixed | https://nvd.nist.gov/vuln/detail/CVE-2019-11091   |
| CVE-2019-3901    |  5.6 |  AV:L  |     |        |   fixed | https://nvd.nist.gov/vuln/detail/CVE-2019-3901    |
| CVE-2015-9289    |  5.5 |  AV:L  |     |        |   fixed | https://nvd.nist.gov/vuln/detail/CVE-2015-9289    |
| CVE-2017-1000252 |  5.5 |  AV:A  |     |        |   fixed | https://nvd.nist.gov/vuln/detail/CVE-2017-1000252 |
| CVE-2017-1000380 |  5.5 |  AV:L  |     |        |   fixed | https://nvd.nist.gov/vuln/detail/CVE-2017-1000380 |
| CVE-2017-12192   |  5.5 |  AV:L  |     |        |   fixed | https://nvd.nist.gov/vuln/detail/CVE-2017-12192   |
| CVE-2017-12193   |  5.5 |  AV:L  |     |        |   fixed | https://nvd.nist.gov/vuln/detail/CVE-2017-12193   |
| CVE-2017-14106   |  5.5 |  AV:L  |     |        |   fixed | https://nvd.nist.gov/vuln/detail/CVE-2017-14106   |
| CVE-2017-14140   |  5.5 |  AV:L  |     |        |   fixed | https://nvd.nist.gov/vuln/detail/CVE-2017-14140   |
| CVE-2017-15116   |  5.5 |  AV:L  |     |        |   fixed | https://nvd.nist.gov/vuln/detail/CVE-2017-15116   |
| CVE-2017-15121   |  5.5 |  AV:L  |     |        |   fixed | https://nvd.nist.gov/vuln/detail/CVE-2017-15121   |
| CVE-2017-15127   |  5.5 |  AV:L  |     |        |   fixed | https://nvd.nist.gov/vuln/detail/CVE-2017-15127   |
| CVE-2017-15274   |  5.5 |  AV:L  |     |        |   fixed | https://nvd.nist.gov/vuln/detail/CVE-2017-15274   |
| CVE-2017-18208   |  5.5 |  AV:L  |     |        |   fixed | https://nvd.nist.gov/vuln/detail/CVE-2017-18208   |
| CVE-2017-18232   |  5.5 |  AV:P  |     |        |   fixed | https://nvd.nist.gov/vuln/detail/CVE-2017-18232   |
| CVE-2017-18267   |  5.5 |  AV:N  |     |        |   fixed | https://nvd.nist.gov/vuln/detail/CVE-2017-18267   |
| CVE-2017-18360   |  5.5 |  AV:L  |     |        |   fixed | https://nvd.nist.gov/vuln/detail/CVE-2017-18360   |
| CVE-2017-7472    |  5.5 |  AV:L  |     |        |   fixed | https://nvd.nist.gov/vuln/detail/CVE-2017-7472    |
| CVE-2017-7542    |  5.5 |  AV:L  |     |        |   fixed | https://nvd.nist.gov/vuln/detail/CVE-2017-7542    |
| CVE-2018-10322   |  5.5 |  AV:L  |     |        |   fixed | https://nvd.nist.gov/vuln/detail/CVE-2018-10322   |
| CVE-2018-10372   |  5.5 |  AV:L  |     |        |   fixed | https://nvd.nist.gov/vuln/detail/CVE-2018-10372   |
| CVE-2018-10534   |  5.5 |  AV:L  |     |        |   fixed | https://nvd.nist.gov/vuln/detail/CVE-2018-10534   |
| CVE-2018-10535   |  5.5 |  AV:L  |     |        |   fixed | https://nvd.nist.gov/vuln/detail/CVE-2018-10535   |
| CVE-2018-10881   |  5.5 |  AV:P  |     |        |   fixed | https://nvd.nist.gov/vuln/detail/CVE-2018-10881   |
| CVE-2018-10883   |  5.5 |  AV:P  |     |        |   fixed | https://nvd.nist.gov/vuln/detail/CVE-2018-10883   |
| CVE-2018-1091    |  5.5 |  AV:L  |     |        |   fixed | https://nvd.nist.gov/vuln/detail/CVE-2018-1091    |
| CVE-2018-10940   |  5.5 |  AV:L  |     |        |   fixed | https://nvd.nist.gov/vuln/detail/CVE-2018-10940   |
| CVE-2018-1118    |  5.5 |  AV:L  |     |        |   fixed | https://nvd.nist.gov/vuln/detail/CVE-2018-1118    |
| CVE-2018-1130    |  5.5 |  AV:L  |     |        |   fixed | https://nvd.nist.gov/vuln/detail/CVE-2018-1130    |
| CVE-2018-12641   |  5.5 |  AV:L  |     |        |   fixed | https://nvd.nist.gov/vuln/detail/CVE-2018-12641   |
| CVE-2018-13033   |  5.5 |  AV:L  |     |        |   fixed | https://nvd.nist.gov/vuln/detail/CVE-2018-13033   |
| CVE-2018-13093   |  5.5 |  AV:N  |     |        |   fixed | https://nvd.nist.gov/vuln/detail/CVE-2018-13093   |
| CVE-2018-13094   |  5.5 |  AV:L  |     |        |   fixed | https://nvd.nist.gov/vuln/detail/CVE-2018-13094   |
| CVE-2018-13095   |  5.5 |  AV:L  |     |        |   fixed | https://nvd.nist.gov/vuln/detail/CVE-2018-13095   |
| CVE-2018-14646   |  5.5 |  AV:L  |     |        |   fixed | https://nvd.nist.gov/vuln/detail/CVE-2018-14646   |
| CVE-2018-16062   |  5.5 |  AV:L  |     |        |   fixed | https://nvd.nist.gov/vuln/detail/CVE-2018-16062   |
| CVE-2018-16403   |  5.5 |  AV:L  |     |        |   fixed | https://nvd.nist.gov/vuln/detail/CVE-2018-16403   |
| CVE-2018-16885   |  5.5 |  AV:L  |     |        |   fixed | https://nvd.nist.gov/vuln/detail/CVE-2018-16885   |
| CVE-2018-17972   |  5.5 |  AV:L  |     |        |   fixed | https://nvd.nist.gov/vuln/detail/CVE-2018-17972   |
| CVE-2018-18310   |  5.5 |  AV:L  |     |        |   fixed | https://nvd.nist.gov/vuln/detail/CVE-2018-18310   |
| CVE-2018-18521   |  5.5 |  AV:L  |     |        |   fixed | https://nvd.nist.gov/vuln/detail/CVE-2018-18521   |
| CVE-2018-18690   |  5.5 |  AV:L  |     |        |   fixed | https://nvd.nist.gov/vuln/detail/CVE-2018-18690   |
| CVE-2018-5730    |  5.5 |  AV:N  |     |        |   fixed | https://nvd.nist.gov/vuln/detail/CVE-2018-5730    |
| CVE-2018-5750    |  5.5 |  AV:L  |     |        |   fixed | https://nvd.nist.gov/vuln/detail/CVE-2018-5750    |
| CVE-2018-5803    |  5.5 |  AV:L  |     |        |   fixed | https://nvd.nist.gov/vuln/detail/CVE-2018-5803    |
| CVE-2018-7568    |  5.5 |  AV:L  |     |        |   fixed | https://nvd.nist.gov/vuln/detail/CVE-2018-7568    |
| CVE-2018-7569    |  5.5 |  AV:L  |     |        |   fixed | https://nvd.nist.gov/vuln/detail/CVE-2018-7569    |
| CVE-2018-7642    |  5.5 |  AV:N  |     |        |   fixed | https://nvd.nist.gov/vuln/detail/CVE-2018-7642    |
| CVE-2018-7740    |  5.5 |  AV:L  |     |        |   fixed | https://nvd.nist.gov/vuln/detail/CVE-2018-7740    |
| CVE-2018-7757    |  5.5 |  AV:L  |     |        |   fixed | https://nvd.nist.gov/vuln/detail/CVE-2018-7757    |
| CVE-2018-8087    |  5.5 |  AV:L  |     |        |   fixed | https://nvd.nist.gov/vuln/detail/CVE-2018-8087    |
| CVE-2018-8945    |  5.5 |  AV:L  |     |        |   fixed | https://nvd.nist.gov/vuln/detail/CVE-2018-8945    |
| CVE-2019-10140   |  5.5 |  AV:L  |     |        |   fixed | https://nvd.nist.gov/vuln/detail/CVE-2019-10140   |
| CVE-2019-10207   |  5.5 |  AV:L  |     |        |   fixed | https://nvd.nist.gov/vuln/detail/CVE-2019-10207   |
| CVE-2019-11833   |  5.5 |  AV:L  |     |        |   fixed | https://nvd.nist.gov/vuln/detail/CVE-2019-11833   |
| CVE-2019-12382   |  5.5 |  AV:L  |     |        |   fixed | https://nvd.nist.gov/vuln/detail/CVE-2019-12382   |
| CVE-2019-13648   |  5.5 |  AV:L  |     |        |   fixed | https://nvd.nist.gov/vuln/detail/CVE-2019-13648   |
| CVE-2019-14615   |  5.5 |  AV:L  |     |        | unfixed | https://nvd.nist.gov/vuln/detail/CVE-2019-14615   |
| CVE-2019-18808   |  5.5 |  AV:L  |     |        | unfixed | https://nvd.nist.gov/vuln/detail/CVE-2019-18808   |
| CVE-2019-19055   |  5.5 |  AV:L  |     |        | unfixed | https://nvd.nist.gov/vuln/detail/CVE-2019-19055   |
| CVE-2019-19338   |  5.5 |  AV:L  |     |        |   fixed | https://nvd.nist.gov/vuln/detail/CVE-2019-19338   |
| CVE-2019-19767   |  5.5 |  AV:L  |     |        | unfixed | https://nvd.nist.gov/vuln/detail/CVE-2019-19767   |
| CVE-2019-20054   |  5.5 |  AV:L  |     |        | unfixed | https://nvd.nist.gov/vuln/detail/CVE-2019-20054   |
| CVE-2019-20095   |  5.5 |  AV:A  |     |        | unfixed | https://nvd.nist.gov/vuln/detail/CVE-2019-20095   |
| CVE-2019-20811   |  5.5 |  AV:L  |     |        | unfixed | https://nvd.nist.gov/vuln/detail/CVE-2019-20811   |
| CVE-2019-3882    |  5.5 |  AV:L  |     |        |   fixed | https://nvd.nist.gov/vuln/detail/CVE-2019-3882    |
| CVE-2019-7150    |  5.5 |  AV:L  |     |        |   fixed | https://nvd.nist.gov/vuln/detail/CVE-2019-7150    |
| CVE-2019-7222    |  5.5 |  AV:L  |     |        |   fixed | https://nvd.nist.gov/vuln/detail/CVE-2019-7222    |
| CVE-2019-7664    |  5.5 |  AV:L  |     |        |   fixed | https://nvd.nist.gov/vuln/detail/CVE-2019-7664    |
| CVE-2019-7665    |  5.5 |  AV:L  |     |        |   fixed | https://nvd.nist.gov/vuln/detail/CVE-2019-7665    |
| CVE-2020-0548    |  5.5 |  AV:L  |     |        |   fixed | https://nvd.nist.gov/vuln/detail/CVE-2020-0548    |
| CVE-2020-10769   |  5.5 |  AV:L  |     |        | unfixed | https://nvd.nist.gov/vuln/detail/CVE-2020-10769   |
| CVE-2020-12655   |  5.5 |  AV:L  |     |        | unfixed | https://nvd.nist.gov/vuln/detail/CVE-2020-12655   |
| CVE-2020-13844   |  5.5 |  AV:L  |     |        | unfixed | https://nvd.nist.gov/vuln/detail/CVE-2020-13844   |
| CVE-2020-14314   |  5.5 |  AV:L  |     |        | unfixed | https://nvd.nist.gov/vuln/detail/CVE-2020-14314   |
| CVE-2020-8832    |  5.5 |  AV:L  |     |        | unfixed | https://nvd.nist.gov/vuln/detail/CVE-2020-8832    |
| CVE-2020-10942   |  5.4 |  AV:L  |     |        | unfixed | https://nvd.nist.gov/vuln/detail/CVE-2020-10942   |
| CVE-2020-8177    |  5.4 |  AV:N  |     |        | unfixed | https://nvd.nist.gov/vuln/detail/CVE-2020-8177    |
| CVE-2016-10739   |  5.3 |  AV:L  |     |        |   fixed | https://nvd.nist.gov/vuln/detail/CVE-2016-10739   |
| CVE-2017-15906   |  5.3 |  AV:N  |     |        |   fixed | https://nvd.nist.gov/vuln/detail/CVE-2017-15906   |
| CVE-2017-3142    |  5.3 |  AV:N  |     |        |   fixed | https://nvd.nist.gov/vuln/detail/CVE-2017-3142    |
| CVE-2017-3735    |  5.3 |  AV:N  |     |        |   fixed | https://nvd.nist.gov/vuln/detail/CVE-2017-3735    |
| CVE-2018-1113    |  5.3 |  AV:L  |     |        |   fixed | https://nvd.nist.gov/vuln/detail/CVE-2018-1113    |
| CVE-2018-1120    |  5.3 |  AV:L  |     |        |   fixed | https://nvd.nist.gov/vuln/detail/CVE-2018-1120    |
| CVE-2018-15473   |  5.3 |  AV:N  |     |        |   fixed | https://nvd.nist.gov/vuln/detail/CVE-2018-15473   |
| CVE-2018-20217   |  5.3 |  AV:N  |     |        |   fixed | https://nvd.nist.gov/vuln/detail/CVE-2018-20217   |
| CVE-2018-20852   |  5.3 |  AV:N  |     |        |   fixed | https://nvd.nist.gov/vuln/detail/CVE-2018-20852   |
| CVE-2019-11727   |  5.3 |  AV:N  |     |        | unfixed | https://nvd.nist.gov/vuln/detail/CVE-2019-11727   |
| CVE-2019-18282   |  5.3 |  AV:N  |     |        | unfixed | https://nvd.nist.gov/vuln/detail/CVE-2019-18282   |
| CVE-2019-6465    |  5.3 |  AV:N  |     |        |   fixed | https://nvd.nist.gov/vuln/detail/CVE-2019-6465    |
| CVE-2020-12826   |  5.3 |  AV:L  |     |        | unfixed | https://nvd.nist.gov/vuln/detail/CVE-2020-12826   |
| CVE-2020-12888   |  5.3 |  AV:L  |     |        |   fixed | https://nvd.nist.gov/vuln/detail/CVE-2020-12888   |
| CVE-2020-14155   |  5.3 |  AV:N  |     |        | unfixed | https://nvd.nist.gov/vuln/detail/CVE-2020-14155   |
| CVE-2018-0495    |  5.1 |  AV:L  |     |        |   fixed | https://nvd.nist.gov/vuln/detail/CVE-2018-0495    |
| CVE-2019-2739    |  5.1 |  AV:L  |     |        |   fixed | https://nvd.nist.gov/vuln/detail/CVE-2019-2739    |
| CVE-2014-4617    |  5.0 |  AV:N  |     |        | unfixed | https://nvd.nist.gov/vuln/detail/CVE-2014-4617    |
| CVE-2018-3081    |  5.0 |  AV:N  |     |        |   fixed | https://nvd.nist.gov/vuln/detail/CVE-2018-3081    |
| CVE-2017-3641    |  4.9 |  AV:N  |     |        |   fixed | https://nvd.nist.gov/vuln/detail/CVE-2017-3641    |
| CVE-2018-2781    |  4.9 |  AV:N  |     |        |   fixed | https://nvd.nist.gov/vuln/detail/CVE-2018-2781    |
| CVE-2018-3063    |  4.9 |  AV:N  |     |        |   fixed | https://nvd.nist.gov/vuln/detail/CVE-2018-3063    |
| CVE-2018-3066    |  4.9 |  AV:N  |     |        |   fixed | https://nvd.nist.gov/vuln/detail/CVE-2018-3066    |
| CVE-2018-3282    |  4.9 |  AV:N  |     |        |   fixed | https://nvd.nist.gov/vuln/detail/CVE-2018-3282    |
| CVE-2018-5745    |  4.9 |  AV:N  |     |        |   fixed | https://nvd.nist.gov/vuln/detail/CVE-2018-5745    |
| CVE-2019-15217   |  4.9 |  AV:P  |     |        | unfixed | https://nvd.nist.gov/vuln/detail/CVE-2019-15217   |
| CVE-2019-15221   |  4.9 |  AV:P  |     |        |   fixed | https://nvd.nist.gov/vuln/detail/CVE-2019-15221   |
| CVE-2019-19063   |  4.9 |  AV:P  |     |        | unfixed | https://nvd.nist.gov/vuln/detail/CVE-2019-19063   |
| CVE-2019-19524   |  4.9 |  AV:P  |     |        | unfixed | https://nvd.nist.gov/vuln/detail/CVE-2019-19524   |
| CVE-2019-2627    |  4.9 |  AV:N  |     |        |   fixed | https://nvd.nist.gov/vuln/detail/CVE-2019-2627    |
| CVE-2019-2737    |  4.9 |  AV:N  |     |        |   fixed | https://nvd.nist.gov/vuln/detail/CVE-2019-2737    |
| CVE-2018-5407    |  4.8 |  AV:P  |     |        |   fixed | https://nvd.nist.gov/vuln/detail/CVE-2018-5407    |
| CVE-2019-3820    |  4.8 |  AV:P  |     |        |   fixed | https://nvd.nist.gov/vuln/detail/CVE-2019-3820    |
| CVE-2017-17449   |  4.7 |  AV:L  |     |        |   fixed | https://nvd.nist.gov/vuln/detail/CVE-2017-17449   |
| CVE-2017-18203   |  4.7 |  AV:L  |     |        |   fixed | https://nvd.nist.gov/vuln/detail/CVE-2017-18203   |
| CVE-2018-16888   |  4.7 |  AV:L  |     |        |   fixed | https://nvd.nist.gov/vuln/detail/CVE-2018-16888   |
| CVE-2019-11190   |  4.7 |  AV:L  |     |        |   fixed | https://nvd.nist.gov/vuln/detail/CVE-2019-11190   |
| CVE-2019-12614   |  4.7 |  AV:L  |     |        | unfixed | https://nvd.nist.gov/vuln/detail/CVE-2019-12614   |
| CVE-2019-15807   |  4.7 |  AV:L  |     |        | unfixed | https://nvd.nist.gov/vuln/detail/CVE-2019-15807   |
| CVE-2019-16231   |  4.7 |  AV:L  |     |        | unfixed | https://nvd.nist.gov/vuln/detail/CVE-2019-16231   |
| CVE-2019-16233   |  4.7 |  AV:L  |     |        | unfixed | https://nvd.nist.gov/vuln/detail/CVE-2019-16233   |
| CVE-2019-16994   |  4.7 |  AV:L  |     |        | unfixed | https://nvd.nist.gov/vuln/detail/CVE-2019-16994   |
| CVE-2019-18660   |  4.7 |  AV:L  |     |        |   fixed | https://nvd.nist.gov/vuln/detail/CVE-2019-18660   |
| CVE-2019-19056   |  4.7 |  AV:L  |     |        | unfixed | https://nvd.nist.gov/vuln/detail/CVE-2019-19056   |
| CVE-2019-19058   |  4.7 |  AV:L  |     |        | unfixed | https://nvd.nist.gov/vuln/detail/CVE-2019-19058   |
| CVE-2019-19059   |  4.7 |  AV:L  |     |        | unfixed | https://nvd.nist.gov/vuln/detail/CVE-2019-19059   |
| CVE-2019-19062   |  4.7 |  AV:L  |     |        | unfixed | https://nvd.nist.gov/vuln/detail/CVE-2019-19062   |
| CVE-2019-20794   |  4.7 |  AV:L  |     |        | unfixed | https://nvd.nist.gov/vuln/detail/CVE-2019-20794   |
| CVE-2020-12114   |  4.7 |  AV:L  |     |        | unfixed | https://nvd.nist.gov/vuln/detail/CVE-2020-12114   |
| CVE-2020-14416   |  4.7 |  AV:L  |     |        | unfixed | https://nvd.nist.gov/vuln/detail/CVE-2020-14416   |
| CVE-2018-19985   |  4.6 |  AV:P  |     |        |   fixed | https://nvd.nist.gov/vuln/detail/CVE-2018-19985   |
| CVE-2019-19534   |  4.6 |  AV:P  |     |        | unfixed | https://nvd.nist.gov/vuln/detail/CVE-2019-19534   |
| CVE-2018-1063    |  4.4 |  AV:L  |     |        |   fixed | https://nvd.nist.gov/vuln/detail/CVE-2018-1063    |
| CVE-2018-1116    |  4.4 |  AV:L  |     |        |   fixed | https://nvd.nist.gov/vuln/detail/CVE-2018-1116    |
| CVE-2018-2771    |  4.4 |  AV:N  |     |        |   fixed | https://nvd.nist.gov/vuln/detail/CVE-2018-2771    |
| CVE-2019-2614    |  4.4 |  AV:N  |     |        |   fixed | https://nvd.nist.gov/vuln/detail/CVE-2019-2614    |
| CVE-2020-10732   |  4.4 |  AV:L  |     |        | unfixed | https://nvd.nist.gov/vuln/detail/CVE-2020-10732   |
| CVE-2020-10741   |  4.4 |  AV:L  |     |        | unfixed | https://nvd.nist.gov/vuln/detail/CVE-2020-10741   |
| CVE-2020-10773   |  4.4 |  AV:L  |     |        | unfixed | https://nvd.nist.gov/vuln/detail/CVE-2020-10773   |
| CVE-2020-12399   |  4.4 |  AV:L  |     |        | unfixed | https://nvd.nist.gov/vuln/detail/CVE-2020-12399   |
| CVE-2020-12400   |  4.4 |  AV:L  |     |        | unfixed | https://nvd.nist.gov/vuln/detail/CVE-2020-12400   |
| CVE-2020-12401   |  4.4 |  AV:L  |     |        | unfixed | https://nvd.nist.gov/vuln/detail/CVE-2020-12401   |
| CVE-2020-12402   |  4.4 |  AV:L  |     |        | unfixed | https://nvd.nist.gov/vuln/detail/CVE-2020-12402   |
| CVE-2020-6829    |  4.4 |  AV:L  |     |        | unfixed | https://nvd.nist.gov/vuln/detail/CVE-2020-6829    |
| CVE-2015-8035    |  4.3 |  AV:N  |     |        |   fixed | https://nvd.nist.gov/vuln/detail/CVE-2015-8035    |
| CVE-2017-3651    |  4.3 |  AV:N  |     |        |   fixed | https://nvd.nist.gov/vuln/detail/CVE-2017-3651    |
| CVE-2018-16866   |  4.3 |  AV:A  |     |        |   fixed | https://nvd.nist.gov/vuln/detail/CVE-2018-16866   |
| CVE-2018-2813    |  4.3 |  AV:N  |     |        |   fixed | https://nvd.nist.gov/vuln/detail/CVE-2018-2813    |
| CVE-2018-3058    |  4.3 |  AV:N  |     |        |   fixed | https://nvd.nist.gov/vuln/detail/CVE-2018-3058    |
| CVE-2020-16166   |  4.3 |  AV:N  |     |        | unfixed | https://nvd.nist.gov/vuln/detail/CVE-2020-16166   |
| CVE-2020-2922    |  4.3 |  AV:N  |     |        |   fixed | https://nvd.nist.gov/vuln/detail/CVE-2020-2922    |
| CVE-2014-3591    |  4.2 |  AV:L  |     |        | unfixed | https://nvd.nist.gov/vuln/detail/CVE-2014-3591    |
| CVE-2017-10268   |  4.1 |  AV:L  |     |        |   fixed | https://nvd.nist.gov/vuln/detail/CVE-2017-10268   |
| CVE-2019-17053   |  4.0 |  AV:L  |     |        | unfixed | https://nvd.nist.gov/vuln/detail/CVE-2019-17053   |
| CVE-2019-17055   |  4.0 |  AV:L  |     |        | unfixed | https://nvd.nist.gov/vuln/detail/CVE-2019-17055   |
| CVE-2017-3653    |  3.5 |  AV:N  |     |        |   fixed | https://nvd.nist.gov/vuln/detail/CVE-2017-3653    |
| CVE-2018-2767    |  3.5 |  AV:N  |     |        |   fixed | https://nvd.nist.gov/vuln/detail/CVE-2018-2767    |
| CVE-2017-17807   |  3.3 |  AV:L  |     |        |   fixed | https://nvd.nist.gov/vuln/detail/CVE-2017-17807   |
| CVE-2018-13053   |  3.3 |  AV:L  |     |        |   fixed | https://nvd.nist.gov/vuln/detail/CVE-2018-13053   |
| CVE-2019-19126   |  3.3 |  AV:L  |     |        | unfixed | https://nvd.nist.gov/vuln/detail/CVE-2019-19126   |
| CVE-2019-3815    |  3.3 |  AV:L  |     |        |   fixed | https://nvd.nist.gov/vuln/detail/CVE-2019-3815    |
| CVE-2019-20386   |  2.4 |  AV:P  |     |        | unfixed | https://nvd.nist.gov/vuln/detail/CVE-2019-20386   |
| CVE-2014-5270    |  2.1 |  AV:L  |     |        | unfixed | https://nvd.nist.gov/vuln/detail/CVE-2014-5270    |
| CVE-2015-3218    |  2.1 |  AV:L  |     |        | unfixed | https://nvd.nist.gov/vuln/detail/CVE-2015-3218    |
+------------------+------+--------+-----+--------+---------+---------------------------------------------------+

