[Reboot Required] 127-0-0-1 (centos7.9.2009)
============================================
Total: 98 (High:14 Medium:64 Low:20 ?:0), 0/98 Fixed, 23 poc, 0 exploits, en: 7, ja: 0 alerts
527 installed, 0 updatable

+------------------+------+--------+-----+--------+---------+---------------------------------------------------+
|      CVE-ID      | CVSS | ATTACK | POC |  CERT  |  FIXED  |                        NVD                        |
+------------------+------+--------+-----+--------+---------+---------------------------------------------------+
| CVE-2019-17006   | 10.0 |  AV:N  | POC |        | unfixed | https://nvd.nist.gov/vuln/detail/CVE-2019-17006   |
| CVE-2019-11756   |  8.8 |  AV:N  |     |        | unfixed | https://nvd.nist.gov/vuln/detail/CVE-2019-11756   |
| CVE-2019-13734   |  8.8 |  AV:N  |     |        | unfixed | https://nvd.nist.gov/vuln/detail/CVE-2019-13734   |
| CVE-2020-10531   |  8.8 |  AV:N  |     |        | unfixed | https://nvd.nist.gov/vuln/detail/CVE-2020-10531   |
| CVE-2020-12321   |  8.8 |  AV:A  |     |        | unfixed | https://nvd.nist.gov/vuln/detail/CVE-2020-12321   |
| CVE-2020-10878   |  8.6 |  AV:N  |     |        | unfixed | https://nvd.nist.gov/vuln/detail/CVE-2020-10878   |
| CVE-2020-15999   |  8.6 |  AV:N  | POC |        | unfixed | https://nvd.nist.gov/vuln/detail/CVE-2020-15999   |
| CVE-2020-14352   |  8.5 |  AV:N  |     |        | unfixed | https://nvd.nist.gov/vuln/detail/CVE-2020-14352   |
| CVE-2020-10543   |  8.2 |  AV:N  |     |        | unfixed | https://nvd.nist.gov/vuln/detail/CVE-2020-10543   |
| CVE-2020-10713   |  8.2 |  AV:L  |     | USCERT | unfixed | https://nvd.nist.gov/vuln/detail/CVE-2020-10713   |
| CVE-2020-28374   |  8.1 |  AV:N  |     |        | unfixed | https://nvd.nist.gov/vuln/detail/CVE-2020-28374   |
| CVE-2017-1000253 |  7.8 |  AV:L  |     |        | unfixed | https://nvd.nist.gov/vuln/detail/CVE-2017-1000253 |
| CVE-2018-20976   |  7.8 |  AV:L  |     |        | unfixed | https://nvd.nist.gov/vuln/detail/CVE-2018-20976   |
| CVE-2019-18397   |  7.8 |  AV:L  |     |        | unfixed | https://nvd.nist.gov/vuln/detail/CVE-2019-18397   |
| CVE-2020-14351   |  7.8 |  AV:L  |     |        | unfixed | https://nvd.nist.gov/vuln/detail/CVE-2020-14351   |
| CVE-2020-14363   |  7.8 |  AV:L  |     |        | unfixed | https://nvd.nist.gov/vuln/detail/CVE-2020-14363   |
| CVE-2020-27786   |  7.8 |  AV:L  |     |        | unfixed | https://nvd.nist.gov/vuln/detail/CVE-2020-27786   |
| CVE-2020-29661   |  7.8 |  AV:L  |     |        | unfixed | https://nvd.nist.gov/vuln/detail/CVE-2020-29661   |
| CVE-2014-4043    |  7.5 |  AV:L  | POC |        | unfixed | https://nvd.nist.gov/vuln/detail/CVE-2014-4043    |
| CVE-2015-2059    |  7.5 |  AV:N  |     |        | unfixed | https://nvd.nist.gov/vuln/detail/CVE-2015-2059    |
| CVE-2015-3308    |  7.5 |  AV:N  |     |        | unfixed | https://nvd.nist.gov/vuln/detail/CVE-2015-3308    |
| CVE-2018-12020   |  7.5 |  AV:N  |     |        | unfixed | https://nvd.nist.gov/vuln/detail/CVE-2018-12020   |
| CVE-2019-11719   |  7.5 |  AV:N  |     |        | unfixed | https://nvd.nist.gov/vuln/detail/CVE-2019-11719   |
| CVE-2020-11008   |  7.5 |  AV:N  |     |        | unfixed | https://nvd.nist.gov/vuln/detail/CVE-2020-11008   |
| CVE-2020-12723   |  7.5 |  AV:N  |     |        | unfixed | https://nvd.nist.gov/vuln/detail/CVE-2020-12723   |
| CVE-2020-25643   |  7.5 |  AV:N  |     |        | unfixed | https://nvd.nist.gov/vuln/detail/CVE-2020-25643   |
| CVE-2020-25645   |  7.5 |  AV:N  | POC |        | unfixed | https://nvd.nist.gov/vuln/detail/CVE-2020-25645   |
| CVE-2020-25648   |  7.5 |  AV:N  |     |        | unfixed | https://nvd.nist.gov/vuln/detail/CVE-2020-25648   |
| CVE-2020-25692   |  7.5 |  AV:N  |     |        | unfixed | https://nvd.nist.gov/vuln/detail/CVE-2020-25692   |
| CVE-2020-29361   |  7.5 |  AV:N  |     |        | unfixed | https://nvd.nist.gov/vuln/detail/CVE-2020-29361   |
| CVE-2020-29573   |  7.5 |  AV:N  |     |        | unfixed | https://nvd.nist.gov/vuln/detail/CVE-2020-29573   |
| CVE-2020-8623    |  7.5 |  AV:N  |     |        | unfixed | https://nvd.nist.gov/vuln/detail/CVE-2020-8623    |
| CVE-2020-25705   |  7.4 |  AV:N  |     |        | unfixed | https://nvd.nist.gov/vuln/detail/CVE-2020-25705   |
| CVE-2020-12464   |  7.2 |  AV:L  | POC |        | unfixed | https://nvd.nist.gov/vuln/detail/CVE-2020-12464   |
| CVE-2020-15436   |  7.2 |  AV:L  | POC |        | unfixed | https://nvd.nist.gov/vuln/detail/CVE-2020-15436   |
| CVE-2020-27777   |  7.2 |  AV:L  | POC |        | unfixed | https://nvd.nist.gov/vuln/detail/CVE-2020-27777   |
| CVE-2019-25013   |  7.1 |  AV:N  |     |        | unfixed | https://nvd.nist.gov/vuln/detail/CVE-2019-25013   |
| CVE-2020-12825   |  7.1 |  AV:N  | POC |        | unfixed | https://nvd.nist.gov/vuln/detail/CVE-2020-12825   |
| CVE-2020-24394   |  7.1 |  AV:L  |     |        | unfixed | https://nvd.nist.gov/vuln/detail/CVE-2020-24394   |
| CVE-2020-8177    |  7.1 |  AV:N  | POC |        | unfixed | https://nvd.nist.gov/vuln/detail/CVE-2020-8177    |
| CVE-2020-8648    |  7.1 |  AV:L  | POC |        | unfixed | https://nvd.nist.gov/vuln/detail/CVE-2020-8648    |
| CVE-2020-25212   |  7.0 |  AV:L  |     |        | unfixed | https://nvd.nist.gov/vuln/detail/CVE-2020-25212   |
| CVE-2015-0247    |  6.9 |  AV:L  |     | USCERT | unfixed | https://nvd.nist.gov/vuln/detail/CVE-2015-0247    |
| CVE-2020-12403   |  6.8 |  AV:N  |     |        | unfixed | https://nvd.nist.gov/vuln/detail/CVE-2020-12403   |
| CVE-2020-14309   |  6.7 |  AV:L  |     |        | unfixed | https://nvd.nist.gov/vuln/detail/CVE-2020-14309   |
| CVE-2020-25211   |  6.7 |  AV:L  | POC |        | unfixed | https://nvd.nist.gov/vuln/detail/CVE-2020-25211   |
| CVE-2020-27825   |  6.7 |  AV:L  |     |        | unfixed | https://nvd.nist.gov/vuln/detail/CVE-2020-27825   |
| CVE-2019-17023   |  6.5 |  AV:N  |     |        | unfixed | https://nvd.nist.gov/vuln/detail/CVE-2019-17023   |
| CVE-2019-17450   |  6.5 |  AV:L  | POC |        | unfixed | https://nvd.nist.gov/vuln/detail/CVE-2019-17450   |
| CVE-2020-8622    |  6.5 |  AV:N  |     |        | unfixed | https://nvd.nist.gov/vuln/detail/CVE-2020-8622    |
| CVE-2020-8834    |  6.5 |  AV:L  | POC |        | unfixed | https://nvd.nist.gov/vuln/detail/CVE-2020-8834    |
| CVE-2020-14308   |  6.4 |  AV:L  |     |        | unfixed | https://nvd.nist.gov/vuln/detail/CVE-2020-14308   |
| CVE-2020-15705   |  6.4 |  AV:L  |     |        | unfixed | https://nvd.nist.gov/vuln/detail/CVE-2020-15705   |
| CVE-2020-15706   |  6.4 |  AV:L  |     |        | unfixed | https://nvd.nist.gov/vuln/detail/CVE-2020-15706   |
| CVE-2020-15707   |  6.4 |  AV:L  | POC |        | unfixed | https://nvd.nist.gov/vuln/detail/CVE-2020-15707   |
| CVE-2020-27835   |  6.4 |  AV:L  |     |        | unfixed | https://nvd.nist.gov/vuln/detail/CVE-2020-27835   |
| CVE-2020-14385   |  6.2 |  AV:L  |     |        | unfixed | https://nvd.nist.gov/vuln/detail/CVE-2020-14385   |
| CVE-2020-25704   |  6.2 |  AV:L  |     |        | unfixed | https://nvd.nist.gov/vuln/detail/CVE-2020-25704   |
| CVE-2020-28915   |  6.1 |  AV:P  |     |        | unfixed | https://nvd.nist.gov/vuln/detail/CVE-2020-28915   |
| CVE-2020-14310   |  6.0 |  AV:L  |     |        | unfixed | https://nvd.nist.gov/vuln/detail/CVE-2020-14310   |
| CVE-2020-14311   |  6.0 |  AV:L  |     |        | unfixed | https://nvd.nist.gov/vuln/detail/CVE-2020-14311   |
| CVE-2020-15802   |  5.9 |  AV:A  |     | USCERT | unfixed | https://nvd.nist.gov/vuln/detail/CVE-2020-15802   |
| CVE-2020-1971    |  5.9 |  AV:N  |     |        | unfixed | https://nvd.nist.gov/vuln/detail/CVE-2020-1971    |
| CVE-2020-10029   |  5.7 |  AV:L  | POC |        | unfixed | https://nvd.nist.gov/vuln/detail/CVE-2020-10029   |
| CVE-2020-14390   |  5.7 |  AV:L  |     |        | unfixed | https://nvd.nist.gov/vuln/detail/CVE-2020-14390   |
| CVE-2017-5715    |  5.6 |  AV:L  |     | USCERT | unfixed | https://nvd.nist.gov/vuln/detail/CVE-2017-5715    |
| CVE-2017-5753    |  5.6 |  AV:L  | POC | USCERT | unfixed | https://nvd.nist.gov/vuln/detail/CVE-2017-5753    |
| CVE-2017-5754    |  5.6 |  AV:L  |     | USCERT | unfixed | https://nvd.nist.gov/vuln/detail/CVE-2017-5754    |
| CVE-2020-28974   |  5.6 |  AV:P  | POC |        | unfixed | https://nvd.nist.gov/vuln/detail/CVE-2020-28974   |
| CVE-2020-10769   |  5.5 |  AV:L  | POC |        | unfixed | https://nvd.nist.gov/vuln/detail/CVE-2020-10769   |
| CVE-2020-14314   |  5.5 |  AV:L  |     |        | unfixed | https://nvd.nist.gov/vuln/detail/CVE-2020-14314   |
| CVE-2020-8694    |  5.5 |  AV:L  |     |        | unfixed | https://nvd.nist.gov/vuln/detail/CVE-2020-8694    |
| CVE-2020-8832    |  5.5 |  AV:L  |     |        | unfixed | https://nvd.nist.gov/vuln/detail/CVE-2020-8832    |
| CVE-2019-20934   |  5.4 |  AV:L  |     |        | unfixed | https://nvd.nist.gov/vuln/detail/CVE-2019-20934   |
| CVE-2019-11727   |  5.3 |  AV:N  |     |        | unfixed | https://nvd.nist.gov/vuln/detail/CVE-2019-11727   |
| CVE-2019-18282   |  5.3 |  AV:N  |     |        | unfixed | https://nvd.nist.gov/vuln/detail/CVE-2019-18282   |
| CVE-2020-29362   |  5.3 |  AV:N  |     |        | unfixed | https://nvd.nist.gov/vuln/detail/CVE-2020-29362   |
| CVE-2020-6829    |  5.3 |  AV:L  |     |        | unfixed | https://nvd.nist.gov/vuln/detail/CVE-2020-6829    |
| CVE-2020-4788    |  5.1 |  AV:L  |     |        | unfixed | https://nvd.nist.gov/vuln/detail/CVE-2020-4788    |
| CVE-2013-6370    |  5.0 |  AV:N  | POC |        | unfixed | https://nvd.nist.gov/vuln/detail/CVE-2013-6370    |
| CVE-2013-6371    |  5.0 |  AV:N  |     |        | unfixed | https://nvd.nist.gov/vuln/detail/CVE-2013-6371    |
| CVE-2014-4617    |  5.0 |  AV:N  |     |        | unfixed | https://nvd.nist.gov/vuln/detail/CVE-2014-4617    |
| CVE-2014-9130    |  5.0 |  AV:N  | POC |        | unfixed | https://nvd.nist.gov/vuln/detail/CVE-2014-9130    |
| CVE-2019-20794   |  4.7 |  AV:L  | POC |        | unfixed | https://nvd.nist.gov/vuln/detail/CVE-2019-20794   |
| CVE-2020-12400   |  4.7 |  AV:L  |     |        | unfixed | https://nvd.nist.gov/vuln/detail/CVE-2020-12400   |
| CVE-2020-12401   |  4.7 |  AV:L  |     |        | unfixed | https://nvd.nist.gov/vuln/detail/CVE-2020-12401   |
| CVE-2020-14416   |  4.7 |  AV:L  |     |        | unfixed | https://nvd.nist.gov/vuln/detail/CVE-2020-14416   |
| CVE-2020-10741   |  4.4 |  AV:L  |     |        | unfixed | https://nvd.nist.gov/vuln/detail/CVE-2020-10741   |
| CVE-2020-12399   |  4.4 |  AV:L  |     |        | unfixed | https://nvd.nist.gov/vuln/detail/CVE-2020-12399   |
| CVE-2020-12402   |  4.4 |  AV:L  |     |        | unfixed | https://nvd.nist.gov/vuln/detail/CVE-2020-12402   |
| CVE-2020-29660   |  4.4 |  AV:L  | POC |        | unfixed | https://nvd.nist.gov/vuln/detail/CVE-2020-29660   |
| CVE-2020-8624    |  4.3 |  AV:N  |     |        | unfixed | https://nvd.nist.gov/vuln/detail/CVE-2020-8624    |
| CVE-2014-3591    |  4.2 |  AV:L  |     |        | unfixed | https://nvd.nist.gov/vuln/detail/CVE-2014-3591    |
| CVE-2020-16120   |  4.1 |  AV:L  |     |        | unfixed | https://nvd.nist.gov/vuln/detail/CVE-2020-16120   |
| CVE-2020-25656   |  4.1 |  AV:L  | POC |        | unfixed | https://nvd.nist.gov/vuln/detail/CVE-2020-25656   |
| CVE-2020-27820   |  4.1 |  AV:L  |     |        | unfixed | https://nvd.nist.gov/vuln/detail/CVE-2020-27820   |
| CVE-2014-5270    |  2.1 |  AV:L  |     |        | unfixed | https://nvd.nist.gov/vuln/detail/CVE-2014-5270    |
| CVE-2015-3218    |  2.1 |  AV:L  |     |        | unfixed | https://nvd.nist.gov/vuln/detail/CVE-2015-3218    |
+------------------+------+--------+-----+--------+---------+---------------------------------------------------+
